0.506107
0.675218
0.826515
1.047955
0.504628
0.507332
0.592016
0.516575
0.612758
0.512335
0.524183
0.619276
0.525474
0.602235
0.510835
3.183300
0.801210
0.781323
2.794703
0.622301
0.921535
2.007081
0.717913
0.853193
0.653238
1.622721
2.554071
2.735436
1.214697
0.684703
0.520613
0.618111
0.550931
0.552200
0.508274
1.237477
0.971467
0.533637
0.506637
0.949666
0.625974
0.515600
2.568012
0.551796
1.128489
0.542823
0.524384
0.570619
0.531743
0.845170
4.241765
0.668037
1.265708
0.534140
0.829972
0.501264
0.530163
0.634080
0.651567
0.501031
0.506914
0.522814
0.512854
0.509737
0.504415
0.519155
0.524565
0.504798
0.511183
1.097632
0.666383
0.728132
0.617417
3.415098
0.567257
0.704605
0.863050
0.630607
1.480128
0.512855
3.828805
1.542884
0.852198
1.948488
0.709077
0.505008
0.567850
0.524380
0.507155
0.500713
0.905923
0.554296
0.529303
0.508129
1.221011
0.761520
0.818775
2.418454
0.508649
0.512526
0.626352
0.548372
0.648787
0.503326
2.430902
1.480762
0.601066
1.037641
0.523870
0.614731
0.507099
0.532908
3.352424
1.794789
0.501513
1.864567
0.513250
0.514626
0.509650
0.502789
0.590533
0.543384
0.509002
0.522792
0.500925
0.543065
0.706306
1.086284
1.660979
0.526959
0.798229
0.986690
1.126199
0.740089
1.144161
1.123755
1.446972
1.332997
2.056750
8.842484
0.520916
3.508819
0.518823
0.510386
0.500980
0.581991
0.530687
0.615405
0.536130
1.597254
0.601680
0.620187
2.030990
0.567457
0.509018
0.525513
0.523279
0.563176
0.612672
0.913668
1.489556
0.569722
2.206518
0.534617
0.659526
0.506127
0.513302
0.756508
0.600854
0.504300
0.501132
0.527031
0.527039
0.547535
0.501050
0.588697
0.505307
0.503388
0.605891
0.502279
0.520620
2.735540
0.582555
0.682098
0.708576
0.693427
0.642247
5.223812
0.623461
1.822616
0.966047
1.051897
0.771270
1.262621
0.671546
0.501902
0.679499
0.504235
0.503700
0.501655
0.514604
0.521596
0.524865
0.516617
1.410398
0.538173
0.557901
2.384052
0.611004
0.515949
0.570097
0.606161
0.521282
0.541372
1.706772
1.061224
0.513759
1.456362
0.510819
0.680145
0.509137
0.507244
0.508951
0.532462
0.500956
0.521025
0.524137
0.506600
0.506397
0.501164
0.725922
0.527753
0.517849
0.518970
0.500206
0.689108
0.557086
0.522230
0.546143
0.525669
0.555470
0.579960
1.055121
0.618734
0.855193
0.955582
0.794033
0.824714
1.493339
0.577027
0.509901
0.607517
0.503789
0.612765
0.516782
0.530483
0.540881
0.505845
0.517408
0.932531
0.608927
0.530942
2.095178
0.511841
0.504134
0.510503
0.507110
0.538266
0.501813
0.578532
2.111320
0.523072
0.888490
0.506028
0.653585
0.534822
0.540638
0.640742
5.908686
0.505356
0.509035
0.679095
0.527560
0.533599
0.510360
0.615123
0.537226
0.569311
0.576848
0.503976
0.631674
1.199951
0.889790
0.838260
0.526531
0.673327
0.856025
1.029129
1.430766
0.719829
1.659454
2.606621
1.461080
2.583647
0.835640
0.510307
0.690450
0.506490
0.511193
0.512494
0.552192
0.584444
0.514456
0.522519
1.475599
0.657680
0.550671
2.119261
0.567765
0.534104
1.029423
0.693686
0.787581
0.519602
1.036366
4.283417
1.069957
1.828413
0.523548
0.608759
0.647668
0.591499
0.547032
0.819358
0.500893
0.944822
1.910908
0.543725
0.547708
0.501263
0.520749
1.287970
0.512838
0.512205
0.502571
0.546453
0.779797
0.787088
1.904501
0.843624
0.589256
1.278143
0.939134
0.603422
0.564739
1.694858
1.353497
1.045990
1.047930
0.772290
0.515394
3.575179
0.517219
0.528322
0.500527
0.616568
0.649167
0.689038
0.517950
0.659603
0.675535
0.518849
2.082518
0.535629
0.518298
0.556184
0.510030
0.545948
0.507492
1.681408
3.721656
0.620340
1.486727
0.655223
0.850706
0.512791
0.713944
1.100422
0.785466
0.506775
0.524987
0.524585
0.512883
0.514811
0.503073
0.551641
0.519010
0.708693
0.552945
0.500870
0.532160
0.747506
0.867860
0.660371
0.546412
0.696084
0.969827
0.635229
0.722837
0.518636
1.246326
1.136984
1.867944
1.037627
0.811369
0.504596
0.638273
1.760124
0.570491
0.501008
0.556272
0.648794
0.540559
0.634419
0.911378
0.686333
0.516489
2.319192
0.512495
0.509854
0.545744
0.521546
0.562449
0.595534
1.320621
1.433808
0.696496
2.376680
0.568736
2.629976
0.509829
0.526610
0.560344
0.698112
0.515538
0.510680
0.560714
0.824921
0.563040
0.581221
0.517933
0.515548
0.527433
0.537935
0.502576
1.018941
0.831945
1.060475
0.637656
0.579586
0.835663
1.039043
0.984387
5.459990
0.553618
1.386863
2.157318
2.002007
1.506854
0.743444
0.506140
0.617843
0.507004
0.523131
0.504297
0.566715
0.587361
0.570953
0.528241
0.871940
0.642762
0.570496
2.278422
0.543540
0.522912
0.523127
0.543525
0.751210
0.504835
0.942910
1.923108
1.633414
1.880368
0.521706
0.585652
0.501321
0.778952
0.529914
0.892521
0.500970
0.508307
0.577451
0.539603
0.503923
0.507342
0.528526
0.580090
0.539062
0.520898
0.506047
0.537090
0.719687
0.707652
0.613462
0.578771
0.603043
1.016241
0.654271
0.636767
0.517752
1.032808
1.158350
1.855881
1.229094
1.141982
0.534287
1.780000
0.549444
0.513061
0.502366
0.577044
0.710442
0.570814
0.554389
0.859578
2.063143
0.978045
1.645093
0.514785
0.524669
0.518351
0.543011
0.530254
0.501639
1.310730
1.405469
0.571437
3.011855
0.543365
0.698641
0.501466
0.709395
0.512677
9.577390
0.508192
8.159803
9.565984
1.944712
5.774002
0.500726
0.601561
0.513475
0.507132
0.511414
0.505324
0.549886
0.883201
0.812327
0.576424
0.514264
0.656123
1.042547
0.556865
1.586205
5.518028
1.922024
1.282952
20.377740
0.912808
0.597242
0.575537
0.649890
0.502540
0.527693
0.500204
0.639109
0.796787
1.032856
0.535167
0.921859
0.601823
1.585190
2.175967
0.557114
0.507118
0.512631
5.048159
0.520138
0.500864
25.388126
0.903158
0.523048
0.994979
0.503888
0.542203
