-1.790227e+00 -2.081793e-02 -3.961163e-01 -4.158219e-01 2.483625e-01 -6.475911e-02 -6.602889e-02 2.121621e+00 -2.675777e-01 1.519717e-01 5.319230e-01 
 -2.124562e+00 -2.081793e-02 -3.961163e-01 -4.158219e-01 2.299452e-01 -6.475911e-02 -6.602889e-02 2.121621e+00 -2.675777e-01 1.519717e-01 5.319230e-01 
 -2.124562e+00 -2.081793e-02 -3.961163e-01 -4.158219e-01 2.299452e-01 -6.475911e-02 4.473258e-02 2.121621e+00 -2.675777e-01 1.519717e-01 5.319230e-01 
 -2.124562e+00 -2.081793e-02 -3.961163e-01 -4.158219e-01 2.210181e-01 -6.475911e-02 8.761866e-02 2.121621e+00 -2.675777e-01 1.519717e-01 5.319230e-01 
 -2.124562e+00 -2.081793e-02 -5.242305e-01 -4.158219e-01 2.210181e-01 -6.475911e-02 8.761866e-02 2.121621e+00 -2.675777e-01 1.519717e-01 5.319230e-01 
 -2.124562e+00 -2.081793e-02 -5.242305e-01 -4.158219e-01 2.210181e-01 -6.475911e-02 7.104769e-02 2.104826e+00 -2.675777e-01 1.519717e-01 4.490983e-01 
 -2.124562e+00 -2.081793e-02 -5.242305e-01 -4.158219e-01 2.210181e-01 -4.787873e-02 7.104769e-02 2.078142e+00 -2.675777e-01 1.519717e-01 4.490983e-01 
 -2.124562e+00 -2.081793e-02 -5.242305e-01 -4.158219e-01 2.210181e-01 -4.787873e-02 7.104769e-02 2.078142e+00 -2.675777e-01 1.519717e-01 4.490983e-01 
 -2.124562e+00 -2.081793e-02 -5.500626e-01 -3.160544e-01 2.210181e-01 -4.787873e-02 7.104769e-02 2.118180e+00 -2.675777e-01 1.519717e-01 4.490983e-01 
 -2.124562e+00 -2.081793e-02 -5.500626e-01 -3.945312e-01 2.210181e-01 -4.787873e-02 7.104769e-02 2.118180e+00 -2.675777e-01 1.519717e-01 4.490983e-01 
 -2.124562e+00 -2.056026e-01 -5.500626e-01 -3.945312e-01 2.210181e-01 -4.787873e-02 7.104769e-02 2.118180e+00 -2.498225e-02 1.519717e-01 4.490983e-01 
 -2.111855e+00 -2.056026e-01 -5.500626e-01 -3.945312e-01 2.210181e-01 -4.787873e-02 7.104769e-02 2.073946e+00 -2.498225e-02 1.519717e-01 4.490983e-01 
 -2.042412e+00 -2.056026e-01 -4.916392e-01 -3.945312e-01 2.210181e-01 -4.787873e-02 7.104769e-02 2.015944e+00 -2.498225e-02 1.519717e-01 4.490983e-01 
 -2.042412e+00 -2.056026e-01 -4.916392e-01 -3.945312e-01 2.210181e-01 -4.787873e-02 7.104769e-02 2.015944e+00 -2.498225e-02 2.791581e-01 4.490983e-01 
 -1.984514e+00 -2.056026e-01 -4.916392e-01 -3.945312e-01 3.671918e-01 -4.787873e-02 7.104769e-02 2.015944e+00 -2.498225e-02 2.791581e-01 4.490983e-01 
 -1.984514e+00 -2.056026e-01 -4.916392e-01 -3.945312e-01 3.671918e-01 -4.787873e-02 7.104769e-02 2.015944e+00 -2.498225e-02 2.791581e-01 4.490983e-01 
 -1.984514e+00 -2.056026e-01 -4.916392e-01 -3.945312e-01 3.671918e-01 -4.787873e-02 7.104769e-02 2.015944e+00 -2.498225e-02 2.831876e-01 4.490983e-01 
 -2.087296e+00 -3.808010e-01 -3.406652e-01 -6.473564e-01 3.671918e-01 -2.213287e-01 7.104769e-02 2.015944e+00 -2.498225e-02 2.831876e-01 4.490983e-01 
 -2.087296e+00 -3.861166e-01 -3.406652e-01 -6.473564e-01 3.671918e-01 -2.213287e-01 7.104769e-02 2.015944e+00 -2.498225e-02 2.831876e-01 4.490983e-01 
 -2.087296e+00 -3.958823e-01 -3.735921e-01 -6.975438e-01 3.730235e-01 -2.213287e-01 7.104769e-02 2.015944e+00 -2.498225e-02 2.831876e-01 4.490983e-01 
 -2.087296e+00 -3.958823e-01 -3.735921e-01 -6.975438e-01 3.730235e-01 -2.213287e-01 7.104769e-02 1.870234e+00 -2.498225e-02 2.831876e-01 4.490983e-01 
 -2.087296e+00 -3.958823e-01 -3.735921e-01 -6.975438e-01 3.730235e-01 -2.213287e-01 7.104769e-02 1.850838e+00 -2.498225e-02 2.831876e-01 5.689295e-01 
 -2.087296e+00 -3.958823e-01 -3.735921e-01 -5.615416e-01 3.730235e-01 -2.213287e-01 4.939249e-02 1.850838e+00 3.111955e-01 2.831876e-01 5.689295e-01 
 -2.087296e+00 -3.958823e-01 -3.211565e-01 -5.615416e-01 3.730235e-01 -7.705177e-02 4.939249e-02 1.850838e+00 3.111955e-01 2.831876e-01 5.689295e-01 
 -2.087296e+00 -3.958823e-01 -3.211565e-01 -5.615416e-01 3.730235e-01 -5.743998e-02 4.939249e-02 1.850838e+00 3.111955e-01 2.831876e-01 5.689295e-01 
 -2.087296e+00 -5.418310e-01 -2.378204e-01 -6.564546e-01 2.957588e-01 -5.743998e-02 4.939249e-02 1.850838e+00 3.111955e-01 2.831876e-01 4.451956e-01 
 -2.038055e+00 -5.418310e-01 -2.378204e-01 -8.553645e-01 2.957588e-01 -5.743998e-02 4.939249e-02 1.850838e+00 3.111955e-01 2.831876e-01 4.451956e-01 
 -2.038055e+00 -5.418310e-01 -2.378204e-01 -8.553645e-01 2.957588e-01 -6.899271e-02 4.939249e-02 1.850838e+00 3.111955e-01 2.831876e-01 4.451956e-01 
 -2.038055e+00 -5.626111e-01 -1.741343e-01 -8.553645e-01 2.957588e-01 -6.899271e-02 4.939249e-02 1.695654e+00 1.855658e-01 2.645521e-01 4.451956e-01 
 -2.038055e+00 -5.626111e-01 -1.741343e-01 -8.553645e-01 2.957588e-01 -6.899271e-02 4.939249e-02 1.695654e+00 1.855658e-01 2.645521e-01 4.451956e-01 
 -2.038055e+00 -5.626111e-01 -1.741343e-01 -8.553645e-01 2.957588e-01 -6.899271e-02 4.939249e-02 1.695654e+00 1.075620e-01 2.645521e-01 4.451956e-01 
 -1.728025e+00 -5.626111e-01 -1.741343e-01 -8.553645e-01 2.957588e-01 -6.899271e-02 4.939249e-02 1.695654e+00 1.075620e-01 2.645521e-01 4.792896e-01 
 -1.728025e+00 -5.626111e-01 -1.741343e-01 -9.613205e-01 4.507171e-01 3.034833e-02 4.939249e-02 1.695654e+00 1.075620e-01 2.645521e-01 3.073186e-01 
 -1.741385e+00 -5.626111e-01 -1.741343e-01 -9.613205e-01 4.507171e-01 3.034833e-02 4.939249e-02 1.695654e+00 1.075620e-01 2.984816e-01 3.073186e-01 
 -1.741385e+00 -6.146025e-01 4.994425e-02 -9.613205e-01 4.507171e-01 3.034833e-02 4.939249e-02 1.695654e+00 1.075620e-01 3.107760e-01 3.073186e-01 
 -1.741385e+00 -6.985045e-01 4.994425e-02 -9.666750e-01 4.507171e-01 3.034833e-02 4.939249e-02 1.695654e+00 1.075620e-01 3.107760e-01 3.073186e-01 
 -1.741385e+00 -6.985045e-01 4.994425e-02 -9.666750e-01 4.507171e-01 3.034833e-02 4.939249e-02 1.695654e+00 1.075620e-01 3.107760e-01 3.073186e-01 
 -1.741385e+00 -6.985045e-01 4.994425e-02 -9.666750e-01 4.507171e-01 -9.219227e-03 4.939249e-02 1.695654e+00 1.075620e-01 2.221755e-01 3.073186e-01 
 -1.629778e+00 -6.985045e-01 1.163526e-02 -1.059968e+00 5.543273e-01 -9.219227e-03 -8.507420e-03 1.695654e+00 1.075620e-01 2.221755e-01 2.527351e-01 
 -1.629778e+00 -6.985045e-01 1.163526e-02 -9.417025e-01 5.543273e-01 -9.219227e-03 -8.507420e-03 1.612232e+00 1.075620e-01 2.221755e-01 2.527351e-01 
 -1.629778e+00 -6.985045e-01 1.163526e-02 -9.417025e-01 5.543273e-01 -9.219227e-03 -5.495789e-02 1.612232e+00 1.075620e-01 2.221755e-01 2.527351e-01 
 -1.629778e+00 -6.985045e-01 1.163526e-02 -8.093915e-01 5.543273e-01 -9.219227e-03 -5.495789e-02 1.612232e+00 6.360243e-02 2.221755e-01 2.527351e-01 
 -1.629778e+00 -6.726945e-01 1.163526e-02 -8.093915e-01 5.543273e-01 -1.534205e-01 2.050823e-01 1.636702e+00 6.360243e-02 5.148819e-01 2.527351e-01 
 -1.629778e+00 -6.726945e-01 -2.588536e-02 -8.093915e-01 5.543273e-01 -1.534205e-01 2.050823e-01 1.636702e+00 -8.649076e-03 5.148819e-01 2.254301e-01 
 -1.629778e+00 -6.726945e-01 -2.588536e-02 -8.093915e-01 5.543273e-01 -1.067804e-01 2.924481e-02 1.636702e+00 -8.649076e-03 5.148819e-01 2.254301e-01 
 -1.629778e+00 -6.726945e-01 -2.588536e-02 -8.093915e-01 5.543273e-01 -1.067804e-01 2.924481e-02 1.636702e+00 -8.649076e-03 5.309328e-01 2.254301e-01 
 -1.629778e+00 -6.726945e-01 3.696799e-02 -8.093915e-01 5.543273e-01 -2.153437e-01 3.549778e-02 1.647951e+00 -8.649076e-03 5.309328e-01 6.664761e-02 
 -1.629778e+00 -3.816902e-01 1.435999e-01 -8.093915e-01 5.543273e-01 -3.524895e-01 3.549778e-02 1.647951e+00 -2.134416e-01 5.309328e-01 6.664761e-02 
 -1.848862e+00 -3.816902e-01 1.435999e-01 -8.093915e-01 4.671776e-01 -3.524895e-01 3.549778e-02 1.791251e+00 -2.283144e-01 5.309328e-01 -2.590819e-02 
 -1.618650e+00 -3.816902e-01 1.435999e-01 -8.093915e-01 4.671776e-01 -3.524895e-01 3.549778e-02 1.791251e+00 -2.283144e-01 5.309328e-01 -2.590819e-02 
 